<?xml version="1.0" encoding="UTF-8"?>
<!-- Generated by org.testng.reporters.JUnitXMLReporter -->
<testsuite hostname="DESKTOP-C65KOLI" ignored="0" name="Test" tests="5" failures="0" timestamp="2019-12-23T17:39:06 IST" time="6.719" errors="0">
  <testcase name="@BeforeClass setup" time="3.203" classname="com.inetbanking.testCases.BaseClass">
    <failure type="org.openqa.selenium.SessionNotCreatedException" message="session not created: This version of ChromeDriver only supports Chrome version 77
Build info: version: &amp;apos;3.141.59&amp;apos;, revision: &amp;apos;e82be7d358&amp;apos;, time: &amp;apos;2018-11-14T08:17:03&amp;apos;
System info: host: &amp;apos;DESKTOP-C65KOLI&amp;apos;, ip: &amp;apos;192.168.29.31&amp;apos;, os.name: &amp;apos;Windows 10&amp;apos;, os.arch: &amp;apos;amd64&amp;apos;, os.version: &amp;apos;10.0&amp;apos;, java.version: &amp;apos;1.8.0_231&amp;apos;
Driver info: driver.version: ChromeDriver
remote stacktrace: Backtrace:
	Ordinal0 [0x0076EB13+1501971]
	Ordinal0 [0x006EF6D1+980689]
	Ordinal0 [0x0067765F+489055]
	Ordinal0 [0x0060F2F4+62196]
	Ordinal0 [0x0060BCDA+48346]
	Ordinal0 [0x00629800+169984]
	Ordinal0 [0x0062942D+169005]
	Ordinal0 [0x006278EB+162027]
	Ordinal0 [0x00610AC7+68295]
	Ordinal0 [0x00611B40+72512]
	Ordinal0 [0x00611AD9+72409]
	Ordinal0 [0x00708F37+1085239]
	GetHandleVerifier [0x0080D7ED+503293]
	GetHandleVerifier [0x0080D580+502672]
	GetHandleVerifier [0x008146AC+531644]
	GetHandleVerifier [0x0080DFFA+505354]
	Ordinal0 [0x00700606+1050118]
	Ordinal0 [0x0070047F+1049727]
	Ordinal0 [0x0070AF9B+1093531]
	Ordinal0 [0x0070B103+1093891]
	Ordinal0 [0x0070A095+1089685]
	BaseThreadInitThunk [0x758E6359+25]
	RtlGetAppContainerNamedObjectPath [0x77427B74+228]
	RtlGetAppContainerNamedObjectPath [0x77427B44+180]
">
      <![CDATA[org.openqa.selenium.SessionNotCreatedException: session not created: This version of ChromeDriver only supports Chrome version 77
Build info: version: '3.141.59', revision: 'e82be7d358', time: '2018-11-14T08:17:03'
System info: host: 'DESKTOP-C65KOLI', ip: '192.168.29.31', os.name: 'Windows 10', os.arch: 'amd64', os.version: '10.0', java.version: '1.8.0_231'
Driver info: driver.version: ChromeDriver
remote stacktrace: Backtrace:
Ordinal0 [0x0076EB13+1501971]
Ordinal0 [0x006EF6D1+980689]
Ordinal0 [0x0067765F+489055]
Ordinal0 [0x0060F2F4+62196]
Ordinal0 [0x0060BCDA+48346]
Ordinal0 [0x00629800+169984]
Ordinal0 [0x0062942D+169005]
Ordinal0 [0x006278EB+162027]
Ordinal0 [0x00610AC7+68295]
Ordinal0 [0x00611B40+72512]
Ordinal0 [0x00611AD9+72409]
Ordinal0 [0x00708F37+1085239]
GetHandleVerifier [0x0080D7ED+503293]
GetHandleVerifier [0x0080D580+502672]
GetHandleVerifier [0x008146AC+531644]
GetHandleVerifier [0x0080DFFA+505354]
Ordinal0 [0x00700606+1050118]
Ordinal0 [0x0070047F+1049727]
Ordinal0 [0x0070AF9B+1093531]
Ordinal0 [0x0070B103+1093891]
Ordinal0 [0x0070A095+1089685]
BaseThreadInitThunk [0x758E6359+25]
RtlGetAppContainerNamedObjectPath [0x77427B74+228]
RtlGetAppContainerNamedObjectPath [0x77427B44+180]

at org.openqa.selenium.remote.W3CHandshakeResponse.lambda$errorHandler$0(W3CHandshakeResponse.java:62)
at org.openqa.selenium.remote.HandshakeResponse.lambda$getResponseFunction$0(HandshakeResponse.java:30)
at org.openqa.selenium.remote.ProtocolHandshake.lambda$createSession$0(ProtocolHandshake.java:126)
at java.util.stream.ReferencePipeline$3$1.accept(Unknown Source)
at java.util.Spliterators$ArraySpliterator.tryAdvance(Unknown Source)
at java.util.stream.ReferencePipeline.forEachWithCancel(Unknown Source)
at java.util.stream.AbstractPipeline.copyIntoWithCancel(Unknown Source)
at java.util.stream.AbstractPipeline.copyInto(Unknown Source)
at java.util.stream.AbstractPipeline.wrapAndCopyInto(Unknown Source)
at java.util.stream.FindOps$FindOp.evaluateSequential(Unknown Source)
at java.util.stream.AbstractPipeline.evaluate(Unknown Source)
at java.util.stream.ReferencePipeline.findFirst(Unknown Source)
at org.openqa.selenium.remote.ProtocolHandshake.createSession(ProtocolHandshake.java:128)
at org.openqa.selenium.remote.ProtocolHandshake.createSession(ProtocolHandshake.java:74)
at org.openqa.selenium.remote.HttpCommandExecutor.execute(HttpCommandExecutor.java:136)
at org.openqa.selenium.remote.service.DriverCommandExecutor.execute(DriverCommandExecutor.java:83)
at org.openqa.selenium.remote.RemoteWebDriver.execute(RemoteWebDriver.java:552)
at org.openqa.selenium.remote.RemoteWebDriver.startSession(RemoteWebDriver.java:213)
at org.openqa.selenium.remote.RemoteWebDriver.<init>(RemoteWebDriver.java:131)
at org.openqa.selenium.chrome.ChromeDriver.<init>(ChromeDriver.java:181)
at org.openqa.selenium.chrome.ChromeDriver.<init>(ChromeDriver.java:168)
at org.openqa.selenium.chrome.ChromeDriver.<init>(ChromeDriver.java:123)
at com.inetbanking.testCases.BaseClass.setup(BaseClass.java:46)
at java.util.ArrayList.forEach(Unknown Source)
... Removed 29 stack frames]]>
    </failure>
  </testcase> <!-- @BeforeClass setup -->
  <testcase name="@BeforeClass setup" time="1.968" classname="com.inetbanking.testCases.BaseClass">
    <failure type="org.openqa.selenium.SessionNotCreatedException" message="session not created: This version of ChromeDriver only supports Chrome version 77
Build info: version: &amp;apos;3.141.59&amp;apos;, revision: &amp;apos;e82be7d358&amp;apos;, time: &amp;apos;2018-11-14T08:17:03&amp;apos;
System info: host: &amp;apos;DESKTOP-C65KOLI&amp;apos;, ip: &amp;apos;192.168.29.31&amp;apos;, os.name: &amp;apos;Windows 10&amp;apos;, os.arch: &amp;apos;amd64&amp;apos;, os.version: &amp;apos;10.0&amp;apos;, java.version: &amp;apos;1.8.0_231&amp;apos;
Driver info: driver.version: ChromeDriver
remote stacktrace: Backtrace:
	Ordinal0 [0x0076EB13+1501971]
	Ordinal0 [0x006EF6D1+980689]
	Ordinal0 [0x0067765F+489055]
	Ordinal0 [0x0060F2F4+62196]
	Ordinal0 [0x0060BCDA+48346]
	Ordinal0 [0x00629800+169984]
	Ordinal0 [0x0062942D+169005]
	Ordinal0 [0x006278EB+162027]
	Ordinal0 [0x00610AC7+68295]
	Ordinal0 [0x00611B40+72512]
	Ordinal0 [0x00611AD9+72409]
	Ordinal0 [0x00708F37+1085239]
	GetHandleVerifier [0x0080D7ED+503293]
	GetHandleVerifier [0x0080D580+502672]
	GetHandleVerifier [0x008146AC+531644]
	GetHandleVerifier [0x0080DFFA+505354]
	Ordinal0 [0x00700606+1050118]
	Ordinal0 [0x0070047F+1049727]
	Ordinal0 [0x0070AF9B+1093531]
	Ordinal0 [0x0070B103+1093891]
	Ordinal0 [0x0070A095+1089685]
	BaseThreadInitThunk [0x758E6359+25]
	RtlGetAppContainerNamedObjectPath [0x77427B74+228]
	RtlGetAppContainerNamedObjectPath [0x77427B44+180]
">
      <![CDATA[org.openqa.selenium.SessionNotCreatedException: session not created: This version of ChromeDriver only supports Chrome version 77
Build info: version: '3.141.59', revision: 'e82be7d358', time: '2018-11-14T08:17:03'
System info: host: 'DESKTOP-C65KOLI', ip: '192.168.29.31', os.name: 'Windows 10', os.arch: 'amd64', os.version: '10.0', java.version: '1.8.0_231'
Driver info: driver.version: ChromeDriver
remote stacktrace: Backtrace:
Ordinal0 [0x0076EB13+1501971]
Ordinal0 [0x006EF6D1+980689]
Ordinal0 [0x0067765F+489055]
Ordinal0 [0x0060F2F4+62196]
Ordinal0 [0x0060BCDA+48346]
Ordinal0 [0x00629800+169984]
Ordinal0 [0x0062942D+169005]
Ordinal0 [0x006278EB+162027]
Ordinal0 [0x00610AC7+68295]
Ordinal0 [0x00611B40+72512]
Ordinal0 [0x00611AD9+72409]
Ordinal0 [0x00708F37+1085239]
GetHandleVerifier [0x0080D7ED+503293]
GetHandleVerifier [0x0080D580+502672]
GetHandleVerifier [0x008146AC+531644]
GetHandleVerifier [0x0080DFFA+505354]
Ordinal0 [0x00700606+1050118]
Ordinal0 [0x0070047F+1049727]
Ordinal0 [0x0070AF9B+1093531]
Ordinal0 [0x0070B103+1093891]
Ordinal0 [0x0070A095+1089685]
BaseThreadInitThunk [0x758E6359+25]
RtlGetAppContainerNamedObjectPath [0x77427B74+228]
RtlGetAppContainerNamedObjectPath [0x77427B44+180]

at org.openqa.selenium.remote.W3CHandshakeResponse.lambda$errorHandler$0(W3CHandshakeResponse.java:62)
at org.openqa.selenium.remote.HandshakeResponse.lambda$getResponseFunction$0(HandshakeResponse.java:30)
at org.openqa.selenium.remote.ProtocolHandshake.lambda$createSession$0(ProtocolHandshake.java:126)
at java.util.stream.ReferencePipeline$3$1.accept(Unknown Source)
at java.util.Spliterators$ArraySpliterator.tryAdvance(Unknown Source)
at java.util.stream.ReferencePipeline.forEachWithCancel(Unknown Source)
at java.util.stream.AbstractPipeline.copyIntoWithCancel(Unknown Source)
at java.util.stream.AbstractPipeline.copyInto(Unknown Source)
at java.util.stream.AbstractPipeline.wrapAndCopyInto(Unknown Source)
at java.util.stream.FindOps$FindOp.evaluateSequential(Unknown Source)
at java.util.stream.AbstractPipeline.evaluate(Unknown Source)
at java.util.stream.ReferencePipeline.findFirst(Unknown Source)
at org.openqa.selenium.remote.ProtocolHandshake.createSession(ProtocolHandshake.java:128)
at org.openqa.selenium.remote.ProtocolHandshake.createSession(ProtocolHandshake.java:74)
at org.openqa.selenium.remote.HttpCommandExecutor.execute(HttpCommandExecutor.java:136)
at org.openqa.selenium.remote.service.DriverCommandExecutor.execute(DriverCommandExecutor.java:83)
at org.openqa.selenium.remote.RemoteWebDriver.execute(RemoteWebDriver.java:552)
at org.openqa.selenium.remote.RemoteWebDriver.startSession(RemoteWebDriver.java:213)
at org.openqa.selenium.remote.RemoteWebDriver.<init>(RemoteWebDriver.java:131)
at org.openqa.selenium.chrome.ChromeDriver.<init>(ChromeDriver.java:181)
at org.openqa.selenium.chrome.ChromeDriver.<init>(ChromeDriver.java:168)
at org.openqa.selenium.chrome.ChromeDriver.<init>(ChromeDriver.java:123)
at com.inetbanking.testCases.BaseClass.setup(BaseClass.java:46)
at java.util.ArrayList.forEach(Unknown Source)
... Removed 29 stack frames]]>
    </failure>
  </testcase> <!-- @BeforeClass setup -->
  <testcase name="loginTest" time="0.0" classname="com.inetbanking.testCases.TC_001_LoginTest">
    <skipped/>
  </testcase> <!-- loginTest -->
  <testcase name="loginTest" time="0.0" classname="com.inetbanking.testCases.TC_002_LoginDDTest">
    <skipped/>
  </testcase> <!-- loginTest -->
  <testcase name="loginTest" time="0.0" classname="com.inetbanking.testCases.TC_002_LoginDDTest">
    <skipped/>
  </testcase> <!-- loginTest -->
  <testcase name="loginTest" time="0.0" classname="com.inetbanking.testCases.TC_002_LoginDDTest">
    <skipped/>
  </testcase> <!-- loginTest -->
  <testcase name="loginTest" time="0.0" classname="com.inetbanking.testCases.TC_002_LoginDDTest">
    <skipped/>
  </testcase> <!-- loginTest -->
</testsuite> <!-- Test -->
